Copyright 1986-2019 Xilinx, Inc. All Rights Reserved.
--------------------------------------------------------------------------------------------------------------------------------------------------------------------------------------------------------
| Tool Version : Vivado v.2019.1 (win64) Build 2552052 Fri May 24 14:49:42 MDT 2019
| Date         : Mon Jun 13 14:44:33 2022
| Host         : XPS15ZKRANL1 running 64-bit major release  (build 9200)
| Command      : report_timing_summary -max_paths 10 -file pattern_gen_timing_summary_routed.rpt -pb pattern_gen_timing_summary_routed.pb -rpx pattern_gen_timing_summary_routed.rpx -warn_on_violation
| Design       : pattern_gen
| Device       : 7a35t-cpg236
| Speed File   : -1  PRODUCTION 1.23 2018-06-13
--------------------------------------------------------------------------------------------------------------------------------------------------------------------------------------------------------

Timing Summary Report

------------------------------------------------------------------------------------------------
| Timer Settings
| --------------
------------------------------------------------------------------------------------------------

  Enable Multi Corner Analysis               :  Yes
  Enable Pessimism Removal                   :  Yes
  Pessimism Removal Resolution               :  Nearest Common Node
  Enable Input Delay Default Clock           :  No
  Enable Preset / Clear Arcs                 :  No
  Disable Flight Delays                      :  No
  Ignore I/O Paths                           :  No
  Timing Early Launch at Borrowing Latches   :  No
  Borrow Time for Max Delay Exceptions       :  Yes

  Corner  Analyze    Analyze    
  Name    Max Paths  Min Paths  
  ------  ---------  ---------  
  Slow    Yes        Yes        
  Fast    Yes        Yes        



check_timing report

Table of Contents
-----------------
1. checking no_clock
2. checking constant_clock
3. checking pulse_width_clock
4. checking unconstrained_internal_endpoints
5. checking no_input_delay
6. checking no_output_delay
7. checking multiple_clock
8. checking generated_clocks
9. checking loops
10. checking partial_input_delay
11. checking partial_output_delay
12. checking latch_loops

1. checking no_clock
--------------------
 There are 12 register/latch pins with no clock driven by root clock pin: pulse_reg/Q (HIGH)


2. checking constant_clock
--------------------------
 There are 0 register/latch pins with constant_clock.


3. checking pulse_width_clock
-----------------------------
 There are 0 register/latch pins which need pulse_width check


4. checking unconstrained_internal_endpoints
--------------------------------------------
 There are 17 pins that are not constrained for maximum delay. (HIGH)

 There are 0 pins that are not constrained for maximum delay due to constant clock.


5. checking no_input_delay
--------------------------
 There are 9 input ports with no input delay specified. (HIGH)

 There are 0 input ports with no input delay but user has a false path constraint.


6. checking no_output_delay
---------------------------
 There are 5 ports with no output delay specified. (HIGH)

 There are 0 ports with no output delay but user has a false path constraint

 There are 0 ports with no output delay but with a timing clock defined on it or propagating through it


7. checking multiple_clock
--------------------------
 There are 0 register/latch pins with multiple clocks.


8. checking generated_clocks
----------------------------
 There are 0 generated clocks that are not connected to a clock source.


9. checking loops
-----------------
 There are 0 combinational loops in the design.


10. checking partial_input_delay
--------------------------------
 There are 0 input ports with partial input delay specified.


11. checking partial_output_delay
---------------------------------
 There are 0 ports with partial output delay specified.


12. checking latch_loops
------------------------
 There are 0 combinational latch loops in the design through latch input



------------------------------------------------------------------------------------------------
| Design Timing Summary
| ---------------------
------------------------------------------------------------------------------------------------

    WNS(ns)      TNS(ns)  TNS Failing Endpoints  TNS Total Endpoints      WHS(ns)      THS(ns)  THS Failing Endpoints  THS Total Endpoints     WPWS(ns)     TPWS(ns)  TPWS Failing Endpoints  TPWS Total Endpoints  
    -------      -------  ---------------------  -------------------      -------      -------  ---------------------  -------------------     --------     --------  ----------------------  --------------------  
      0.000        0.000                      0                    2       -0.550       -0.550                      1                    2        4.500        0.000                       0                     3  


Timing constraints are not met.


------------------------------------------------------------------------------------------------
| Clock Summary
| -------------
------------------------------------------------------------------------------------------------

Clock        Waveform(ns)       Period(ns)      Frequency(MHz)
-----        ------------       ----------      --------------
sys_clk_pin  {0.000 5.000}      10.000          100.000         


------------------------------------------------------------------------------------------------
| Intra Clock Table
| -----------------
------------------------------------------------------------------------------------------------

Clock             WNS(ns)      TNS(ns)  TNS Failing Endpoints  TNS Total Endpoints      WHS(ns)      THS(ns)  THS Failing Endpoints  THS Total Endpoints     WPWS(ns)     TPWS(ns)  TPWS Failing Endpoints  TPWS Total Endpoints  
-----             -------      -------  ---------------------  -------------------      -------      -------  ---------------------  -------------------     --------     --------  ----------------------  --------------------  
sys_clk_pin         0.000        0.000                      0                    1       -0.550       -0.550                      1                    1        4.500        0.000                       0                     3  


------------------------------------------------------------------------------------------------
| Inter Clock Table
| -----------------
------------------------------------------------------------------------------------------------

From Clock    To Clock          WNS(ns)      TNS(ns)  TNS Failing Endpoints  TNS Total Endpoints      WHS(ns)      THS(ns)  THS Failing Endpoints  THS Total Endpoints  
----------    --------          -------      -------  ---------------------  -------------------      -------      -------  ---------------------  -------------------  


------------------------------------------------------------------------------------------------
| Other Path Groups Table
| -----------------------
------------------------------------------------------------------------------------------------

Path Group         From Clock         To Clock               WNS(ns)      TNS(ns)  TNS Failing Endpoints  TNS Total Endpoints      WHS(ns)      THS(ns)  THS Failing Endpoints  THS Total Endpoints  
----------         ----------         --------               -------      -------  ---------------------  -------------------      -------      -------  ---------------------  -------------------  
**async_default**  sys_clk_pin        sys_clk_pin              4.840        0.000                      0                    1        3.376        0.000                      0                    1  


------------------------------------------------------------------------------------------------
| Timing Details
| --------------
------------------------------------------------------------------------------------------------


---------------------------------------------------------------------------------------------------
From Clock:  sys_clk_pin
  To Clock:  sys_clk_pin

Setup :            0  Failing Endpoints,  Worst Slack        0.000ns,  Total Violation        0.000ns
Hold  :            1  Failing Endpoint ,  Worst Slack       -0.550ns,  Total Violation       -0.550ns
PW    :            0  Failing Endpoints,  Worst Slack        4.500ns,  Total Violation        0.000ns
---------------------------------------------------------------------------------------------------


Max Delay Paths
--------------------------------------------------------------------------------------
Slack (MET) :             0.000ns  (required time - arrival time)
  Source:                 clk
                            (clock source 'sys_clk_pin'  {rise@0.000ns fall@5.000ns period=10.000ns})
  Destination:            pulse_reg/D
                            (positive level-sensitive latch clocked by sys_clk_pin  {rise@0.000ns fall@5.000ns period=10.000ns})
  Path Group:             sys_clk_pin
  Path Type:              Setup (Max at Fast Process Corner)
  Requirement:            0.000ns  (sys_clk_pin rise@0.000ns - sys_clk_pin rise@0.000ns)
  Data Path Delay:        2.028ns  (logic 0.443ns (21.849%)  route 1.585ns (78.151%))
  Logic Levels:           2  (BUFG=1 IBUF=1)
  Clock Path Skew:        1.445ns (DCD - SCD + CPR)
    Destination Clock Delay (DCD):    1.445ns
    Source Clock Delay      (SCD):    0.000ns
    Clock Pessimism Removal (CPR):    0.000ns
  Clock Uncertainty:      0.035ns  ((TSJ^2 + TIJ^2)^1/2 + DJ) / 2 + PE
    Total System Jitter     (TSJ):    0.071ns
    Total Input Jitter      (TIJ):    0.000ns
    Discrete Jitter          (DJ):    0.000ns
    Phase Error              (PE):    0.000ns
  Time Borrowing:         
    Nominal pulse width:              5.000ns
    Library setup time:              -0.022ns
    Computed max time borrow:         4.978ns
    Time borrowed from endpoint:      0.618ns
    Open edge uncertainty:           -0.035ns
    Time given to startpoint:         0.583ns

    Location             Delay type                Incr(ns)  Path(ns)    Netlist Resource(s)
  -------------------------------------------------------------------    -------------------
                         (clock sys_clk_pin rise edge)
                                                      0.000     0.000 r  
    W5                                                0.000     0.000 r  clk (IN)
                         net (fo=0)                   0.000     0.000    clk
    W5                   IBUF (Prop_ibuf_I_O)         0.414     0.414 r  clk_IBUF_inst/O
                         net (fo=2, routed)           0.685     1.099    clk_IBUF
    BUFGCTRL_X0Y0        BUFG (Prop_bufg_I_O)         0.029     1.128 r  clk_IBUF_BUFG_inst/O
                         net (fo=2, routed)           0.900     2.028    clk_IBUF_BUFG
    SLICE_X52Y36         LDCE                                         r  pulse_reg/D
  -------------------------------------------------------------------    -------------------

                         (clock sys_clk_pin rise edge)
                                                      0.000     0.000 r  
    W5                                                0.000     0.000 r  clk (IN)
                         net (fo=0)                   0.000     0.000    clk
    W5                   IBUF (Prop_ibuf_I_O)         0.226     0.226 r  clk_IBUF_inst/O
                         net (fo=2, routed)           0.631     0.858    clk_IBUF
    BUFGCTRL_X0Y0        BUFG (Prop_bufg_I_O)         0.026     0.884 r  clk_IBUF_BUFG_inst/O
                         net (fo=2, routed)           0.562     1.445    clk_IBUF_BUFG
    SLICE_X52Y36         LDCE                                         r  pulse_reg/G
                         clock pessimism              0.000     1.445    
                         clock uncertainty           -0.035     1.410    
                         time borrowed                0.618     2.028    
  -------------------------------------------------------------------
                         required time                          2.028    
                         arrival time                          -2.028    
  -------------------------------------------------------------------
                         slack                                  0.000    





Min Delay Paths
--------------------------------------------------------------------------------------
Slack (VIOLATED) :        -0.550ns  (arrival time - required time)
  Source:                 clk
                            (clock source 'sys_clk_pin'  {rise@0.000ns fall@5.000ns period=10.000ns})
  Destination:            pulse_reg/D
                            (positive level-sensitive latch clocked by sys_clk_pin  {rise@0.000ns fall@5.000ns period=10.000ns})
  Path Group:             sys_clk_pin
  Path Type:              Hold (Min at Fast Process Corner)
  Requirement:            0.000ns  (sys_clk_pin fall@5.000ns - sys_clk_pin fall@5.000ns)
  Data Path Delay:        1.504ns  (logic 0.252ns (16.787%)  route 1.251ns (83.213%))
  Logic Levels:           2  (BUFG=1 IBUF=1)
  Clock Path Skew:        1.959ns (DCD - SCD - CPR)
    Destination Clock Delay (DCD):    1.959ns = ( 6.959 - 5.000 ) 
    Source Clock Delay      (SCD):    0.000ns = ( 5.000 - 5.000 ) 
    Clock Pessimism Removal (CPR):    -0.000ns
  Clock Uncertainty:      0.035ns  ((TSJ^2 + TIJ^2)^1/2 + DJ) / 2 + PE
    Total System Jitter     (TSJ):    0.071ns
    Total Input Jitter      (TIJ):    0.000ns
    Discrete Jitter          (DJ):    0.000ns
    Phase Error              (PE):    0.000ns

    Location             Delay type                Incr(ns)  Path(ns)    Netlist Resource(s)
  -------------------------------------------------------------------    -------------------
                         (clock sys_clk_pin fall edge)
                                                      5.000     5.000 f  
    W5                                                0.000     5.000 f  clk (IN)
                         net (fo=0)                   0.000     5.000    clk
    W5                   IBUF (Prop_ibuf_I_O)         0.226     5.226 f  clk_IBUF_inst/O
                         net (fo=2, routed)           0.631     5.858    clk_IBUF
    BUFGCTRL_X0Y0        BUFG (Prop_bufg_I_O)         0.026     5.884 f  clk_IBUF_BUFG_inst/O
                         net (fo=2, routed)           0.620     6.504    clk_IBUF_BUFG
    SLICE_X52Y36         LDCE                                         f  pulse_reg/D
  -------------------------------------------------------------------    -------------------

                         (clock sys_clk_pin fall edge)
                                                      5.000     5.000 f  
    W5                                                0.000     5.000 f  clk (IN)
                         net (fo=0)                   0.000     5.000    clk
    W5                   IBUF (Prop_ibuf_I_O)         0.414     5.414 f  clk_IBUF_inst/O
                         net (fo=2, routed)           0.685     6.099    clk_IBUF
    BUFGCTRL_X0Y0        BUFG (Prop_bufg_I_O)         0.029     6.128 f  clk_IBUF_BUFG_inst/O
                         net (fo=2, routed)           0.832     6.959    clk_IBUF_BUFG
    SLICE_X52Y36         LDCE                                         f  pulse_reg/G
                         clock pessimism              0.000     6.959    
                         clock uncertainty            0.035     6.995    
    SLICE_X52Y36         LDCE (Hold_ldce_G_D)         0.059     7.054    pulse_reg
  -------------------------------------------------------------------
                         required time                         -7.054    
                         arrival time                           6.504    
  -------------------------------------------------------------------
                         slack                                 -0.550    





Pulse Width Checks
--------------------------------------------------------------------------------------
Clock Name:         sys_clk_pin
Waveform(ns):       { 0.000 5.000 }
Period(ns):         10.000
Sources:            { clk }

Check Type        Corner  Lib Pin   Reference Pin  Required(ns)  Actual(ns)  Slack(ns)  Location       Pin
Min Period        n/a     BUFG/I    n/a            2.155         10.000      7.845      BUFGCTRL_X0Y0  clk_IBUF_BUFG_inst/I
Low Pulse Width   Slow    LDCE/G    n/a            0.500         5.000       4.500      SLICE_X52Y36   pulse_reg/G
Low Pulse Width   Fast    LDCE/G    n/a            0.500         5.000       4.500      SLICE_X52Y36   pulse_reg/G
High Pulse Width  Fast    LDCE/CLR  n/a            0.500         5.000       4.500      SLICE_X52Y36   pulse_reg/CLR
High Pulse Width  Slow    LDCE/CLR  n/a            0.500         5.000       4.500      SLICE_X52Y36   pulse_reg/CLR



---------------------------------------------------------------------------------------------------
Path Group:  **async_default**
From Clock:  sys_clk_pin
  To Clock:  sys_clk_pin

Setup :            0  Failing Endpoints,  Worst Slack        4.840ns,  Total Violation        0.000ns
Hold  :            0  Failing Endpoints,  Worst Slack        3.376ns,  Total Violation        0.000ns
---------------------------------------------------------------------------------------------------


Max Delay Paths
--------------------------------------------------------------------------------------
Slack (MET) :             4.840ns  (required time - arrival time)
  Source:                 clk
                            (clock source 'sys_clk_pin'  {rise@0.000ns fall@5.000ns period=10.000ns})
  Destination:            pulse_reg/CLR
                            (recovery check against falling-edge clock sys_clk_pin  {rise@0.000ns fall@5.000ns period=10.000ns})
  Path Group:             **async_default**
  Path Type:              Recovery (Max at Fast Process Corner)
  Requirement:            5.000ns  (sys_clk_pin fall@5.000ns - sys_clk_pin rise@0.000ns)
  Data Path Delay:        1.465ns  (logic 0.470ns (32.093%)  route 0.995ns (67.907%))
  Logic Levels:           2  (IBUF=1 LUT1=1)
  Clock Path Skew:        1.445ns (DCD - SCD + CPR)
    Destination Clock Delay (DCD):    1.445ns = ( 6.445 - 5.000 ) 
    Source Clock Delay      (SCD):    0.000ns
    Clock Pessimism Removal (CPR):    0.000ns
  Clock Uncertainty:      0.035ns  ((TSJ^2 + TIJ^2)^1/2 + DJ) / 2 + PE
    Total System Jitter     (TSJ):    0.071ns
    Total Input Jitter      (TIJ):    0.000ns
    Discrete Jitter          (DJ):    0.000ns
    Phase Error              (PE):    0.000ns

    Location             Delay type                Incr(ns)  Path(ns)    Netlist Resource(s)
  -------------------------------------------------------------------    -------------------
                         (clock sys_clk_pin rise edge)
                                                      0.000     0.000 r  
    W5                                                0.000     0.000 r  clk (IN)
                         net (fo=0)                   0.000     0.000    clk
    W5                   IBUF (Prop_ibuf_I_O)         0.414     0.414 r  clk_IBUF_inst/O
                         net (fo=2, routed)           0.790     1.204    clk_IBUF
    SLICE_X52Y36         LUT1 (Prop_lut1_I0_O)        0.056     1.260 f  pulse_reg_i_1/O
                         net (fo=1, routed)           0.205     1.465    pulse_reg_i_1_n_0
    SLICE_X52Y36         LDCE                                         f  pulse_reg/CLR
  -------------------------------------------------------------------    -------------------

                         (clock sys_clk_pin fall edge)
                                                      5.000     5.000 f  
    W5                                                0.000     5.000 f  clk (IN)
                         net (fo=0)                   0.000     5.000    clk
    W5                   IBUF (Prop_ibuf_I_O)         0.226     5.226 f  clk_IBUF_inst/O
                         net (fo=2, routed)           0.631     5.858    clk_IBUF
    BUFGCTRL_X0Y0        BUFG (Prop_bufg_I_O)         0.026     5.884 f  clk_IBUF_BUFG_inst/O
                         net (fo=2, routed)           0.562     6.445    clk_IBUF_BUFG
    SLICE_X52Y36         LDCE                                         f  pulse_reg/G
                         clock pessimism              0.000     6.445    
                         clock uncertainty           -0.035     6.410    
    SLICE_X52Y36         LDCE (Recov_ldce_G_CLR)     -0.105     6.305    pulse_reg
  -------------------------------------------------------------------
                         required time                          6.305    
                         arrival time                          -1.465    
  -------------------------------------------------------------------
                         slack                                  4.840    





Min Delay Paths
--------------------------------------------------------------------------------------
Slack (MET) :             3.376ns  (arrival time - required time)
  Source:                 clk
                            (clock source 'sys_clk_pin'  {rise@0.000ns fall@5.000ns period=10.000ns})
  Destination:            pulse_reg/CLR
                            (removal check against falling-edge clock sys_clk_pin  {rise@0.000ns fall@5.000ns period=10.000ns})
  Path Group:             **async_default**
  Path Type:              Removal (Min at Slow Process Corner)
  Requirement:            -5.000ns  (sys_clk_pin fall@5.000ns - sys_clk_pin rise@10.000ns)
  Data Path Delay:        3.344ns  (logic 1.488ns (44.503%)  route 1.856ns (55.497%))
  Logic Levels:           2  (IBUF=1 LUT1=1)
  Clock Path Skew:        5.087ns (DCD - SCD - CPR)
    Destination Clock Delay (DCD):    5.087ns = ( 10.087 - 5.000 ) 
    Source Clock Delay      (SCD):    0.000ns = ( 10.000 - 10.000 ) 
    Clock Pessimism Removal (CPR):    -0.000ns
  Clock Uncertainty:      0.035ns  ((TSJ^2 + TIJ^2)^1/2 + DJ) / 2 + PE
    Total System Jitter     (TSJ):    0.071ns
    Total Input Jitter      (TIJ):    0.000ns
    Discrete Jitter          (DJ):    0.000ns
    Phase Error              (PE):    0.000ns

    Location             Delay type                Incr(ns)  Path(ns)    Netlist Resource(s)
  -------------------------------------------------------------------    -------------------
                         (clock sys_clk_pin rise edge)
                                                     10.000    10.000 r  
    W5                                                0.000    10.000 r  clk (IN)
                         net (fo=0)                   0.000    10.000    clk
    W5                   IBUF (Prop_ibuf_I_O)         1.388    11.388 r  clk_IBUF_inst/O
                         net (fo=2, routed)           1.414    12.802    clk_IBUF
    SLICE_X52Y36         LUT1 (Prop_lut1_I0_O)        0.100    12.902 f  pulse_reg_i_1/O
                         net (fo=1, routed)           0.442    13.344    pulse_reg_i_1_n_0
    SLICE_X52Y36         LDCE                                         f  pulse_reg/CLR
  -------------------------------------------------------------------    -------------------

                         (clock sys_clk_pin fall edge)
                                                      5.000     5.000 f  
    W5                                                0.000     5.000 f  clk (IN)
                         net (fo=0)                   0.000     5.000    clk
    W5                   IBUF (Prop_ibuf_I_O)         1.458     6.458 f  clk_IBUF_inst/O
                         net (fo=2, routed)           1.967     8.425    clk_IBUF
    BUFGCTRL_X0Y0        BUFG (Prop_bufg_I_O)         0.096     8.521 f  clk_IBUF_BUFG_inst/O
                         net (fo=2, routed)           1.566    10.087    clk_IBUF_BUFG
    SLICE_X52Y36         LDCE                                         f  pulse_reg/G
                         clock pessimism              0.000    10.087    
                         clock uncertainty            0.035    10.123    
    SLICE_X52Y36         LDCE (Remov_ldce_G_CLR)     -0.155     9.968    pulse_reg
  -------------------------------------------------------------------
                         required time                         -9.968    
                         arrival time                          13.344    
  -------------------------------------------------------------------
                         slack                                  3.376    





